Command line invocation:
    /Applications/Xcode.app/Contents/Developer/usr/bin/xcodebuild -scheme FamilyPlanPro -configuration Debug -destination "generic/platform=iOS Simulator" -derivedDataPath /Users/seankeller/Documents/FamilyPlanPro/.build/ui-screenshot build

ComputePackagePrebuildTargetDependencyGraph

Prepare packages

CreateBuildRequest

SendProjectDescription

CreateBuildOperation

ComputeTargetDependencyGraph
note: Building targets in dependency order
note: Target dependency graph (1 target)
    Target 'FamilyPlanPro' in project 'FamilyPlanPro' (no dependencies)

GatherProvisioningInputs

CreateBuildDescription

ExecuteExternalTool /Applications/Xcode.app/Contents/Developer/Toolchains/XcodeDefault.xctoolchain/usr/bin/clang -v -E -dM -isysroot /Applications/Xcode.app/Contents/Developer/Platforms/iPhoneSimulator.platform/Developer/SDKs/iPhoneSimulator26.2.sdk -x c -c /dev/null

ExecuteExternalTool /Applications/Xcode.app/Contents/Developer/usr/bin/actool --print-asset-tag-combinations --output-format xml1 /Users/seankeller/Documents/FamilyPlanPro/FamilyPlanPro/Assets.xcassets

ExecuteExternalTool /Applications/Xcode.app/Contents/Developer/usr/bin/actool --version --output-format xml1

ExecuteExternalTool /Applications/Xcode.app/Contents/Developer/Toolchains/XcodeDefault.xctoolchain/usr/bin/swiftc --version

ExecuteExternalTool /Applications/Xcode.app/Contents/Developer/Toolchains/XcodeDefault.xctoolchain/usr/bin/ld -version_details

Build description signature: 4b7ac2605dd95da4b2daccd9e21fd46e
Build description path: /Users/seankeller/Documents/FamilyPlanPro/.build/ui-screenshot/Build/Intermediates.noindex/XCBuildData/4b7ac2605dd95da4b2daccd9e21fd46e.xcbuilddata
ClangStatCache /Applications/Xcode.app/Contents/Developer/Toolchains/XcodeDefault.xctoolchain/usr/bin/clang-stat-cache /Applications/Xcode.app/Contents/Developer/Platforms/iPhoneSimulator.platform/Developer/SDKs/iPhoneSimulator26.2.sdk /Users/seankeller/Documents/FamilyPlanPro/.build/ui-screenshot/SDKStatCaches.noindex/iphonesimulator26.2-23C53-7d00a8b37fbd7999ea79df8ebc024bf0.sdkstatcache
    cd /Users/seankeller/Documents/FamilyPlanPro/FamilyPlanPro.xcodeproj
    /Applications/Xcode.app/Contents/Developer/Toolchains/XcodeDefault.xctoolchain/usr/bin/clang-stat-cache /Applications/Xcode.app/Contents/Developer/Platforms/iPhoneSimulator.platform/Developer/SDKs/iPhoneSimulator26.2.sdk -o /Users/seankeller/Documents/FamilyPlanPro/.build/ui-screenshot/SDKStatCaches.noindex/iphonesimulator26.2-23C53-7d00a8b37fbd7999ea79df8ebc024bf0.sdkstatcache

note: Disabling hardened runtime with ad-hoc codesigning. (in target 'FamilyPlanPro' from project 'FamilyPlanPro')
ProcessInfoPlistFile /Users/seankeller/Documents/FamilyPlanPro/.build/ui-screenshot/Build/Products/Debug-iphonesimulator/FamilyPlanPro.app/Info.plist /Users/seankeller/Documents/FamilyPlanPro/.build/ui-screenshot/Build/Intermediates.noindex/FamilyPlanPro.build/Debug-iphonesimulator/FamilyPlanPro.build/empty-FamilyPlanPro.plist (in target 'FamilyPlanPro' from project 'FamilyPlanPro')
    cd /Users/seankeller/Documents/FamilyPlanPro
    builtin-infoPlistUtility /Users/seankeller/Documents/FamilyPlanPro/.build/ui-screenshot/Build/Intermediates.noindex/FamilyPlanPro.build/Debug-iphonesimulator/FamilyPlanPro.build/empty-FamilyPlanPro.plist -producttype com.apple.product-type.application -genpkginfo /Users/seankeller/Documents/FamilyPlanPro/.build/ui-screenshot/Build/Products/Debug-iphonesimulator/FamilyPlanPro.app/PkgInfo -expandbuildsettings -format binary -platform iphonesimulator -additionalcontentfile /Users/seankeller/Documents/FamilyPlanPro/.build/ui-screenshot/Build/Intermediates.noindex/FamilyPlanPro.build/Debug-iphonesimulator/FamilyPlanPro.build/assetcatalog_generated_info.plist -o /Users/seankeller/Documents/FamilyPlanPro/.build/ui-screenshot/Build/Products/Debug-iphonesimulator/FamilyPlanPro.app/Info.plist

CopySwiftLibs /Users/seankeller/Documents/FamilyPlanPro/.build/ui-screenshot/Build/Products/Debug-iphonesimulator/FamilyPlanPro.app (in target 'FamilyPlanPro' from project 'FamilyPlanPro')
    cd /Users/seankeller/Documents/FamilyPlanPro
    builtin-swiftStdLibTool --copy --verbose --sign - --scan-executable /Users/seankeller/Documents/FamilyPlanPro/.build/ui-screenshot/Build/Products/Debug-iphonesimulator/FamilyPlanPro.app/FamilyPlanPro.debug.dylib --scan-folder /Users/seankeller/Documents/FamilyPlanPro/.build/ui-screenshot/Build/Products/Debug-iphonesimulator/FamilyPlanPro.app/Frameworks --scan-folder /Users/seankeller/Documents/FamilyPlanPro/.build/ui-screenshot/Build/Products/Debug-iphonesimulator/FamilyPlanPro.app/PlugIns --scan-folder /Users/seankeller/Documents/FamilyPlanPro/.build/ui-screenshot/Build/Products/Debug-iphonesimulator/FamilyPlanPro.app/SystemExtensions --scan-folder /Users/seankeller/Documents/FamilyPlanPro/.build/ui-screenshot/Build/Products/Debug-iphonesimulator/FamilyPlanPro.app/Extensions --platform iphonesimulator --toolchain /Applications/Xcode.app/Contents/Developer/Toolchains/XcodeDefault.xctoolchain --destination /Users/seankeller/Documents/FamilyPlanPro/.build/ui-screenshot/Build/Products/Debug-iphonesimulator/FamilyPlanPro.app/Frameworks --strip-bitcode --strip-bitcode-tool /Applications/Xcode.app/Contents/Developer/Toolchains/XcodeDefault.xctoolchain/usr/bin/bitcode_strip --emit-dependency-info /Users/seankeller/Documents/FamilyPlanPro/.build/ui-screenshot/Build/Intermediates.noindex/FamilyPlanPro.build/Debug-iphonesimulator/FamilyPlanPro.build/SwiftStdLibToolInputDependencies.dep --filter-for-swift-os --back-deploy-swift-span

** BUILD SUCCEEDED **

